<?xml version="1.0" encoding="UTF-8"?>
<!-- Generated by org.testng.reporters.JUnitReportReporter -->
<testsuite hostname="R10A092" failures="0" tests="1" name="POM.ZerodhaHomePageTest" time="35.257" errors="0" timestamp="2022-06-13T20:43:53 IST" skipped="0">
  <testcase classname="POM.ZerodhaHomePageTest" name="loginToZerodhaPinTest" time="35.257"/>
  <system-out/>
</testsuite> <!-- POM.ZerodhaHomePageTest -->
