<?xml version="1.0" encoding="UTF-8"?>
<!-- Generated by org.testng.reporters.JUnitReportReporter -->
<testsuite hostname="R10A092" failures="0" tests="2" name="Test.SignUpPageTest" time="2.190" errors="0" timestamp="2022-06-10T10:18:42 IST" skipped="0">
  <testcase classname="Test.SignUpPageTest" name="ClickOnContinue" time="0.069"/>
  <system-out/>
  <testcase classname="Test.SignUpPageTest" name="enterMobileNo" time="2.121"/>
  <system-out/>
</testsuite> <!-- Test.SignUpPageTest -->
