<?xml version="1.0" encoding="UTF-8"?>
<!-- Generated by org.testng.reporters.JUnitReportReporter -->
<testsuite hostname="R10A092" failures="0" tests="1" name="Test.ZerodhaAddStock" time="18.237" errors="0" timestamp="2022-06-20T11:09:09 IST" skipped="0">
  <testcase classname="Test.ZerodhaAddStock" name="addAnyStockInWatchList" time="18.237"/>
  <system-out/>
</testsuite> <!-- Test.ZerodhaAddStock -->
